#
# A fatal error has been detected by the Java Runtime Environment:
#
#  EXCEPTION_ACCESS_VIOLATION (0xc0000005) at pc=0x000000001e861066, pid=10344, tid=1324
#
# JRE version: Java(TM) SE Runtime Environment (8.0_51-b16) (build 1.8.0_51-b16)
# Java VM: Java HotSpot(TM) 64-Bit Server VM (25.51-b03 mixed mode windows-amd64 compressed oops)
# Problematic frame:
# C  [OpenAL64.dll+0x11066]
#
# Failed to write core dump. Minidumps are not enabled by default on client versions of Windows
#
# If you would like to submit a bug report, please visit:
#   http://bugreport.java.com/bugreport/crash.jsp
# The crash happened outside the Java Virtual Machine in native code.
# See problematic frame for where to report the bug.
#

---------------  T H R E A D  ---------------

Current thread (0x0000000002234800):  JavaThread "main" [_thread_in_native, id=1324, stack(0x0000000002130000,0x0000000002230000)]

siginfo: ExceptionCode=0xc0000005, reading address 0x000000001de55004

Registers:
RAX=0x0000000000000004, RBX=0x000000001ff30090, RCX=0x000000001de55008, RDX=0x000000001de55004
RSP=0x000000000222cf50, RBP=0x00000000000000ff, RSI=0x000000001de4d7ac, RDI=0x0000000000000000
R8 =0x0000000000001e16, R9 =0x000000001de4d7ac, R10=0x0000000002345e08, R11=0x0000000067b47bb0
R12=0x0000000000000001, R13=0x000000001e7e0d18, R14=0x000000000222d0f0, R15=0x0000000002234800
RIP=0x000000001e861066, EFLAGS=0x0000000000010202

Top of Stack: (sp=0x000000000222cf50)
0x000000000222cf50:   0000000000000000 000000001aed25e0
0x000000000222cf60:   0000000000717c60 0000000002234800
0x000000000222cf70:   000000001e7e0d18 0000000000000000
0x000000000222cf80:   0000000002234800 0000000000717c60
0x000000000222cf90:   000000001e7e0d18 000000000222d0f0
0x000000000222cfa0:   0000000000718760 00000000679d9836
0x000000000222cfb0:   000000000222d888 0000000002235260
0x000000000222cfc0:   0000000002234800 000000000222d0f0
0x000000000222cfd0:   000000001e7e0d18 0000000000000000
0x000000000222cfe0:   000000001de4d7ac 0000000000000248
0x000000000222cff0:   000000000222d0b8 000000001e86248f
0x000000000222d000:   000000001ff30090 000000001ff30090
0x000000000222d010:   000000000000ac44 0000000000000004
0x000000000222d020:   0000000002337800 0000000002345e34
0x000000000222d030:   000000001e7e0d18 0000000002337800
0x000000000222d040:   0000000002337800 0000000002345bab 

Instructions: (pc=0x000000001e861066)
0x000000001e861046:   41 2b ec 81 3a 03 00 02 00 75 09 8b 01 89 84 24
0x000000001e861056:   c8 00 00 00 49 83 c0 02 48 83 c1 08 4a 8d 14 86
0x000000001e861066:   39 3a 75 af 4c 8d 84 24 c0 00 00 00 48 8d 15 d7
0x000000001e861076:   2b 03 00 33 c9 e8 58 5f 00 00 b8 40 1f 00 00 4c 


Register to memory mapping:

RAX=0x0000000000000004 is an unknown value
RBX=0x000000001ff30090 is an unknown value
RCX=0x000000001de55008 is an unknown value
RDX=0x000000001de55004 is an unknown value
RSP=0x000000000222cf50 is pointing into the stack for thread: 0x0000000002234800
RBP=0x00000000000000ff is an unknown value
RSI=0x000000001de4d7ac is an unknown value
RDI=0x0000000000000000 is an unknown value
R8 =0x0000000000001e16 is an unknown value
R9 =0x000000001de4d7ac is an unknown value
R10=0x0000000002345e08 is at code_begin+840 in an Interpreter codelet
method entry point (kind = native)  [0x0000000002345ac0, 0x0000000002346420]  2400 bytes
R11=0x0000000067b47bb0 is an unknown value
R12=0x0000000000000001 is an unknown value
R13={method} {0x000000001e7e0d20} 'nalcCreateContext' '(JJ)J' in 'org/lwjgl/openal/ALC10'
R14=0x000000000222d0f0 is pointing into the stack for thread: 0x0000000002234800
R15=0x0000000002234800 is a thread


Stack: [0x0000000002130000,0x0000000002230000],  sp=0x000000000222cf50,  free space=1011k
Native frames: (J=compiled Java code, j=interpreted, Vv=VM code, C=native code)
C  [OpenAL64.dll+0x11066]
C  [OpenAL64.dll+0x1248f]
C  0x0000000002345e34

Java frames: (J=compiled Java code, j=interpreted, Vv=VM code)
j  org.lwjgl.openal.ALC10.nalcCreateContext(JJ)J+0
j  org.lwjgl.openal.ALC10.alcCreateContext(Lorg/lwjgl/openal/ALCdevice;Ljava/nio/IntBuffer;)Lorg/lwjgl/openal/ALCcontext;+8
j  org.lwjgl.openal.AL.init(Ljava/lang/String;IIZZ)V+69
j  org.lwjgl.openal.AL.create(Ljava/lang/String;IIZZ)V+246
j  org.lwjgl.openal.AL.create(Ljava/lang/String;IIZ)V+5
j  org.lwjgl.openal.AL.create()V+6
j  com.badlogic.gdx.backends.lwjgl.audio.OpenALAudio.<init>(III)V+114
j  com.badlogic.gdx.backends.lwjgl.LwjglApplication.<init>(Lcom/badlogic/gdx/ApplicationListener;Lcom/badlogic/gdx/backends/lwjgl/LwjglApplicationConfiguration;Lcom/badlogic/gdx/backends/lwjgl/LwjglGraphics;)V+120
j  com.badlogic.gdx.backends.lwjgl.LwjglApplication.<init>(Lcom/badlogic/gdx/ApplicationListener;Lcom/badlogic/gdx/backends/lwjgl/LwjglApplicationConfiguration;)V+11
j  org.uqbar.project.wollok.game.gameboard.WollokGDXApplication.<init>(Lorg/uqbar/project/wollok/game/gameboard/Gameboard;Ljava/lang/Boolean;)V+17
j  org.uqbar.project.wollok.game.helpers.Application.start(Lorg/uqbar/project/wollok/game/gameboard/Gameboard;Ljava/lang/Boolean;)V+5
j  org.uqbar.project.wollok.game.gameboard.Gameboard.start(Ljava/lang/Boolean;)V+13
j  wollok.game.GameObject.doStart(Ljava/lang/Boolean;)V+12
v  ~StubRoutines::call_stub
j  sun.reflect.NativeMethodAccessorImpl.invoke0(Ljava/lang/reflect/Method;Ljava/lang/Object;[Ljava/lang/Object;)Ljava/lang/Object;+0
j  sun.reflect.NativeMethodAccessorImpl.invoke(Ljava/lang/Object;[Ljava/lang/Object;)Ljava/lang/Object;+100
J 2659 C1 sun.reflect.DelegatingMethodAccessorImpl.invoke(Ljava/lang/Object;[Ljava/lang/Object;)Ljava/lang/Object; (10 bytes) @ 0x0000000002ba090c [0x0000000002ba0800+0x10c]
J 2647 C1 java.lang.reflect.Method.invoke(Ljava/lang/Object;[Ljava/lang/Object;)Ljava/lang/Object; (62 bytes) @ 0x0000000002b97cec [0x0000000002b97900+0x3ec]
j  org.uqbar.project.wollok.ui.utils.XTendUtilExtensions.invokeConvertingArgs(Ljava/lang/reflect/Method;Ljava/lang/Object;[Ljava/lang/Object;)Lorg/uqbar/project/wollok/interpreter/core/WollokObject;+261
j  org.uqbar.project.wollok.interpreter.AbstractWollokCallable._invokeNative(Ljava/lang/Object;Ljava/lang/String;[Lorg/uqbar/project/wollok/interpreter/core/WollokObject;)Lorg/uqbar/project/wollok/interpreter/core/WollokObject;+41
j  org.uqbar.project.wollok.interpreter.AbstractWollokCallable.invokeNative(Ljava/lang/Object;Ljava/lang/String;[Lorg/uqbar/project/wollok/interpreter/core/WollokObject;)Lorg/uqbar/project/wollok/interpreter/core/WollokObject;+26
j  org.uqbar.project.wollok.interpreter.AbstractWollokCallable$1.apply()Lorg/uqbar/project/wollok/interpreter/core/WollokObject;+55
j  org.uqbar.project.wollok.interpreter.AbstractWollokCallable$1.apply()Ljava/lang/Object;+1
j  org.uqbar.project.wollok.interpreter.threads.WThread.performOnStack(Lorg/eclipse/emf/ecore/EObject;Lorg/uqbar/project/wollok/interpreter/context/EvaluationContext;Lorg/eclipse/xtext/xbase/lib/Functions$Function0;)Lorg/uqbar/project/wollok/interpreter/core/WollokObject;+29
j  org.uqbar.project.wollok.interpreter.WollokInterpreter.performOnStack(Lorg/eclipse/emf/ecore/EObject;Lorg/uqbar/project/wollok/interpreter/context/EvaluationContext;Lorg/eclipse/xtext/xbase/lib/Functions$Function0;)Lorg/uqbar/project/wollok/interpreter/core/WollokObject;+7
j  org.uqbar.project.wollok.interpreter.AbstractWollokCallable.call(Lorg/uqbar/project/wollok/wollokDsl/WMethodDeclaration;[Lorg/uqbar/project/wollok/interpreter/core/WollokObject;)Lorg/uqbar/project/wollok/interpreter/core/WollokObject;+38
j  org.uqbar.project.wollok.interpreter.core.WollokObject.call(Ljava/lang/String;[Lorg/uqbar/project/wollok/interpreter/core/WollokObject;)Lorg/uqbar/project/wollok/interpreter/core/WollokObject;+55
j  org.uqbar.project.wollok.interpreter.WollokInterpreterEvaluator._evaluate(Lorg/uqbar/project/wollok/wollokDsl/WFeatureCall;)Lorg/uqbar/project/wollok/interpreter/core/WollokObject;+119
j  org.uqbar.project.wollok.launch.WollokLauncherInterpreterEvaluator.evaluate(Lorg/eclipse/emf/ecore/EObject;)Lorg/uqbar/project/wollok/interpreter/core/WollokObject;+412
j  org.uqbar.project.wollok.interpreter.WollokInterpreterEvaluator.evaluate(Lorg/eclipse/emf/ecore/EObject;)Ljava/lang/Object;+2
j  org.uqbar.project.wollok.interpreter.WollokInterpreter.eval(Lorg/eclipse/emf/ecore/EObject;)Lorg/uqbar/project/wollok/interpreter/core/WollokObject;+63
j  org.uqbar.project.wollok.interpreter.WollokInterpreterEvaluator.eval(Lorg/eclipse/emf/ecore/EObject;)Lorg/uqbar/project/wollok/interpreter/core/WollokObject;+5
j  org.uqbar.project.wollok.interpreter.WollokInterpreterEvaluator$1.apply(Lorg/uqbar/project/wollok/interpreter/core/WollokObject;Lorg/eclipse/emf/ecore/EObject;)Lorg/uqbar/project/wollok/interpreter/core/WollokObject;+5
j  org.uqbar.project.wollok.interpreter.WollokInterpreterEvaluator$1.apply(Ljava/lang/Object;Ljava/lang/Object;)Ljava/lang/Object;+9
j  org.eclipse.xtext.xbase.lib.IteratorExtensions.fold(Ljava/util/Iterator;Ljava/lang/Object;Lorg/eclipse/xtext/xbase/lib/Functions$Function2;)Ljava/lang/Object;+19
j  org.eclipse.xtext.xbase.lib.IterableExtensions.fold(Ljava/lang/Iterable;Ljava/lang/Object;Lorg/eclipse/xtext/xbase/lib/Functions$Function2;)Ljava/lang/Object;+8
j  org.uqbar.project.wollok.interpreter.WollokInterpreterEvaluator.evalAll(Ljava/lang/Iterable;)Lorg/uqbar/project/wollok/interpreter/core/WollokObject;+12
j  org.uqbar.project.wollok.interpreter.WollokInterpreterEvaluator._evaluate(Lorg/uqbar/project/wollok/wollokDsl/WBlockExpression;)Lorg/uqbar/project/wollok/interpreter/core/WollokObject;+34
j  org.uqbar.project.wollok.launch.WollokLauncherInterpreterEvaluator.evaluate(Lorg/eclipse/emf/ecore/EObject;)Lorg/uqbar/project/wollok/interpreter/core/WollokObject;+76
j  org.uqbar.project.wollok.interpreter.WollokInterpreterEvaluator.evaluate(Lorg/eclipse/emf/ecore/EObject;)Ljava/lang/Object;+2
j  org.uqbar.project.wollok.interpreter.WollokInterpreter.eval(Lorg/eclipse/emf/ecore/EObject;)Lorg/uqbar/project/wollok/interpreter/core/WollokObject;+63
j  org.uqbar.project.wollok.interpreter.AbstractWollokCallable.eval(Lorg/eclipse/emf/ecore/EObject;)Lorg/uqbar/project/wollok/interpreter/core/WollokObject;+5
j  org.uqbar.project.wollok.interpreter.AbstractWollokCallable$1.apply()Lorg/uqbar/project/wollok/interpreter/core/WollokObject;+110
j  org.uqbar.project.wollok.interpreter.AbstractWollokCallable$1.apply()Ljava/lang/Object;+1
j  org.uqbar.project.wollok.interpreter.threads.WThread.performOnStack(Lorg/eclipse/emf/ecore/EObject;Lorg/uqbar/project/wollok/interpreter/context/EvaluationContext;Lorg/eclipse/xtext/xbase/lib/Functions$Function0;)Lorg/uqbar/project/wollok/interpreter/core/WollokObject;+29
j  org.uqbar.project.wollok.interpreter.WollokInterpreter.performOnStack(Lorg/eclipse/emf/ecore/EObject;Lorg/uqbar/project/wollok/interpreter/context/EvaluationContext;Lorg/eclipse/xtext/xbase/lib/Functions$Function0;)Lorg/uqbar/project/wollok/interpreter/core/WollokObject;+7
j  org.uqbar.project.wollok.interpreter.AbstractWollokCallable.call(Lorg/uqbar/project/wollok/wollokDsl/WMethodDeclaration;[Lorg/uqbar/project/wollok/interpreter/core/WollokObject;)Lorg/uqbar/project/wollok/interpreter/core/WollokObject;+38
j  org.uqbar.project.wollok.interpreter.core.WollokObject.call(Ljava/lang/String;[Lorg/uqbar/project/wollok/interpreter/core/WollokObject;)Lorg/uqbar/project/wollok/interpreter/core/WollokObject;+55
j  org.uqbar.project.wollok.interpreter.WollokInterpreterEvaluator._evaluate(Lorg/uqbar/project/wollok/wollokDsl/WFeatureCall;)Lorg/uqbar/project/wollok/interpreter/core/WollokObject;+119
j  org.uqbar.project.wollok.launch.WollokLauncherInterpreterEvaluator.evaluate(Lorg/eclipse/emf/ecore/EObject;)Lorg/uqbar/project/wollok/interpreter/core/WollokObject;+412
j  org.uqbar.project.wollok.interpreter.WollokInterpreterEvaluator.evaluate(Lorg/eclipse/emf/ecore/EObject;)Ljava/lang/Object;+2
j  org.uqbar.project.wollok.interpreter.WollokInterpreter.eval(Lorg/eclipse/emf/ecore/EObject;)Lorg/uqbar/project/wollok/interpreter/core/WollokObject;+63
j  org.uqbar.project.wollok.interpreter.WollokInterpreterEvaluator.eval(Lorg/eclipse/emf/ecore/EObject;)Lorg/uqbar/project/wollok/interpreter/core/WollokObject;+5
j  org.uqbar.project.wollok.interpreter.WollokInterpreterEvaluator$1.apply(Lorg/uqbar/project/wollok/interpreter/core/WollokObject;Lorg/eclipse/emf/ecore/EObject;)Lorg/uqbar/project/wollok/interpreter/core/WollokObject;+5
j  org.uqbar.project.wollok.interpreter.WollokInterpreterEvaluator$1.apply(Ljava/lang/Object;Ljava/lang/Object;)Ljava/lang/Object;+9
j  org.eclipse.xtext.xbase.lib.IteratorExtensions.fold(Ljava/util/Iterator;Ljava/lang/Object;Lorg/eclipse/xtext/xbase/lib/Functions$Function2;)Ljava/lang/Object;+19
j  org.eclipse.xtext.xbase.lib.IterableExtensions.fold(Ljava/lang/Iterable;Ljava/lang/Object;Lorg/eclipse/xtext/xbase/lib/Functions$Function2;)Ljava/lang/Object;+8
j  org.uqbar.project.wollok.interpreter.WollokInterpreterEvaluator.evalAll(Ljava/lang/Iterable;)Lorg/uqbar/project/wollok/interpreter/core/WollokObject;+12
j  org.uqbar.project.wollok.interpreter.WollokInterpreterEvaluator._evaluate(Lorg/uqbar/project/wollok/wollokDsl/WProgram;)Lorg/uqbar/project/wollok/interpreter/core/WollokObject;+18
j  org.uqbar.project.wollok.launch.WollokLauncherInterpreterEvaluator.evaluate(Lorg/eclipse/emf/ecore/EObject;)Lorg/uqbar/project/wollok/interpreter/core/WollokObject;+444
j  org.uqbar.project.wollok.interpreter.WollokInterpreterEvaluator.evaluate(Lorg/eclipse/emf/ecore/EObject;)Ljava/lang/Object;+2
j  org.uqbar.project.wollok.interpreter.WollokInterpreter.eval(Lorg/eclipse/emf/ecore/EObject;)Lorg/uqbar/project/wollok/interpreter/core/WollokObject;+63
j  org.uqbar.project.wollok.interpreter.WollokInterpreterEvaluator.eval(Lorg/eclipse/emf/ecore/EObject;)Lorg/uqbar/project/wollok/interpreter/core/WollokObject;+5
j  org.uqbar.project.wollok.launch.WollokLauncherInterpreterEvaluator._evaluate(Lorg/uqbar/project/wollok/wollokDsl/WFile;)Lorg/uqbar/project/wollok/interpreter/core/WollokObject;+32
j  org.uqbar.project.wollok.launch.WollokLauncherInterpreterEvaluator.evaluate(Lorg/eclipse/emf/ecore/EObject;)Lorg/uqbar/project/wollok/interpreter/core/WollokObject;+428
j  org.uqbar.project.wollok.interpreter.WollokInterpreterEvaluator.evaluate(Lorg/eclipse/emf/ecore/EObject;)Ljava/lang/Object;+2
j  org.uqbar.project.wollok.interpreter.WollokInterpreter.interpret(Lorg/eclipse/emf/ecore/EObject;Ljava/lang/Boolean;)Lorg/uqbar/project/wollok/interpreter/core/WollokObject;+25
j  org.uqbar.project.wollok.interpreter.WollokInterpreter.interpret(Lorg/eclipse/emf/ecore/EObject;)Lorg/uqbar/project/wollok/interpreter/core/WollokObject;+8
j  org.uqbar.project.wollok.launch.WollokLauncher.doSomething(Lorg/uqbar/project/wollok/wollokDsl/WFile;Lcom/google/inject/Injector;Ljava/io/File;Lorg/uqbar/project/wollok/launch/WollokLauncherParameters;)V+109
j  org.uqbar.project.wollok.launch.WollokChecker.launch(Ljava/lang/String;Lorg/uqbar/project/wollok/launch/WollokLauncherParameters;)V+31
j  org.uqbar.project.wollok.launch.WollokChecker.doMain([Ljava/lang/String;)V+205
j  org.uqbar.project.wollok.launch.WollokLauncher.main([Ljava/lang/String;)V+8
v  ~StubRoutines::call_stub

---------------  P R O C E S S  ---------------

Java Threads: ( => current thread )
  0x000000001b957800 JavaThread "com.google.inject.internal.util.$Finalizer" daemon [_thread_blocked, id=14104, stack(0x000000001cdf0000,0x000000001cef0000)]
  0x000000001bac2800 JavaThread "EMF Reference Cleaner" daemon [_thread_blocked, id=13652, stack(0x000000001caf0000,0x000000001cbf0000)]
  0x000000001ad48800 JavaThread "Service Thread" daemon [_thread_blocked, id=6056, stack(0x000000001b120000,0x000000001b220000)]
  0x00000000193d1000 JavaThread "C1 CompilerThread2" daemon [_thread_blocked, id=11132, stack(0x000000001ac20000,0x000000001ad20000)]
  0x00000000193c7800 JavaThread "C2 CompilerThread1" daemon [_thread_blocked, id=5024, stack(0x000000001ab20000,0x000000001ac20000)]
  0x00000000193c2000 JavaThread "C2 CompilerThread0" daemon [_thread_blocked, id=3464, stack(0x000000001aa20000,0x000000001ab20000)]
  0x00000000193c0000 JavaThread "Attach Listener" daemon [_thread_blocked, id=13672, stack(0x000000001a920000,0x000000001aa20000)]
  0x00000000193be800 JavaThread "Signal Dispatcher" daemon [_thread_blocked, id=9352, stack(0x000000001a820000,0x000000001a920000)]
  0x000000000232a800 JavaThread "Finalizer" daemon [_thread_blocked, id=11580, stack(0x000000001a620000,0x000000001a720000)]
  0x0000000002322800 JavaThread "Reference Handler" daemon [_thread_blocked, id=14752, stack(0x000000001a520000,0x000000001a620000)]
=>0x0000000002234800 JavaThread "main" [_thread_in_native, id=1324, stack(0x0000000002130000,0x0000000002230000)]

Other Threads:
  0x0000000019387800 VMThread [stack: 0x000000001a420000,0x000000001a520000] [id=9468]
  0x000000001ad52000 WatcherThread [stack: 0x000000001b220000,0x000000001b320000] [id=7768]

VM state:not at safepoint (normal execution)

VM Mutex/Monitor currently owned by a thread: None

Heap:
 PSYoungGen      total 56832K, used 43027K [0x0000000780b00000, 0x0000000787a00000, 0x00000007c0000000)
  eden space 49152K, 71% used [0x0000000780b00000,0x0000000782d88200,0x0000000783b00000)
  from space 7680K, 99% used [0x0000000783b00000,0x000000078427cac0,0x0000000784280000)
  to   space 7680K, 0% used [0x0000000787280000,0x0000000787280000,0x0000000787a00000)
 ParOldGen       total 130048K, used 19706K [0x0000000702000000, 0x0000000709f00000, 0x0000000780b00000)
  object space 130048K, 15% used [0x0000000702000000,0x000000070333ea80,0x0000000709f00000)
 Metaspace       used 20689K, capacity 20992K, committed 21248K, reserved 1067008K
  class space    used 2653K, capacity 2752K, committed 2816K, reserved 1048576K

Card table byte_map: [0x00000000116f0000,0x0000000011cf0000] byte_map_base: 0x000000000dee0000

Marking Bits: (ParMarkBitMap*) 0x0000000068124040
 Begin Bits: [0x00000000124f0000, 0x0000000015470000)
 End Bits:   [0x0000000015470000, 0x00000000183f0000)

Polling page: 0x0000000000700000

CodeCache: size=245760Kb used=9765Kb max_used=9790Kb free=235994Kb
 bounds [0x0000000002330000, 0x0000000002cd0000, 0x0000000011330000]
 total_blobs=3581 nmethods=3145 adapters=346
 compilation: enabled

Compilation events (10 events):
Event: 3.662 Thread 0x00000000193d1000 nmethod 3159 0x0000000002cae510 code [0x0000000002cae680, 0x0000000002cae808]
Event: 3.678 Thread 0x00000000193d1000 3160       3       java.nio.DirectByteBuffer::put (18 bytes)
Event: 3.679 Thread 0x00000000193d1000 nmethod 3160 0x0000000002cb0dd0 code [0x0000000002cb0f40, 0x0000000002cb11b0]
Event: 3.679 Thread 0x00000000193d1000 3161       3       java.nio.DirectByteBuffer::ix (10 bytes)
Event: 3.679 Thread 0x00000000193d1000 nmethod 3161 0x0000000002cb0ad0 code [0x0000000002cb0c20, 0x0000000002cb0d70]
Event: 3.680 Thread 0x00000000193d1000 3163       3       java.nio.DirectByteBuffer::put (18 bytes)
Event: 3.680 Thread 0x00000000193d1000 nmethod 3163 0x0000000002cb05d0 code [0x0000000002cb0740, 0x0000000002cb09b0]
Event: 3.680 Thread 0x00000000193d1000 3164       1       java.nio.DirectByteBuffer::ix (10 bytes)
Event: 3.680 Thread 0x00000000193d1000 nmethod 3164 0x0000000002cb0310 code [0x0000000002cb0460, 0x0000000002cb0570]
Event: 3.685 Thread 0x00000000193c2000 nmethod 2755% 0x0000000002cb6950 code [0x0000000002cb6ae0, 0x0000000002cb78a8]

GC Heap History (6 events):
Event: 0.878 GC heap before
{Heap before GC invocations=1 (full 0):
 PSYoungGen      total 56832K, used 49152K [0x0000000780b00000, 0x0000000784a00000, 0x00000007c0000000)
  eden space 49152K, 100% used [0x0000000780b00000,0x0000000783b00000,0x0000000783b00000)
  from space 7680K, 0% used [0x0000000784280000,0x0000000784280000,0x0000000784a00000)
  to   space 7680K, 0% used [0x0000000783b00000,0x0000000783b00000,0x0000000784280000)
 ParOldGen       total 130048K, used 0K [0x0000000702000000, 0x0000000709f00000, 0x0000000780b00000)
  object space 130048K, 0% used [0x0000000702000000,0x0000000702000000,0x0000000709f00000)
 Metaspace       used 6705K, capacity 6824K, committed 7040K, reserved 1056768K
  class space    used 772K, capacity 820K, committed 896K, reserved 1048576K
Event: 0.887 GC heap after
Heap after GC invocations=1 (full 0):
 PSYoungGen      total 56832K, used 7670K [0x0000000780b00000, 0x0000000784a00000, 0x00000007c0000000)
  eden space 49152K, 0% used [0x0000000780b00000,0x0000000780b00000,0x0000000783b00000)
  from space 7680K, 99% used [0x0000000783b00000,0x000000078427d9b8,0x0000000784280000)
  to   space 7680K, 0% used [0x0000000784280000,0x0000000784280000,0x0000000784a00000)
 ParOldGen       total 130048K, used 1585K [0x0000000702000000, 0x0000000709f00000, 0x0000000780b00000)
  object space 130048K, 1% used [0x0000000702000000,0x000000070218c4e8,0x0000000709f00000)
 Metaspace       used 6705K, capacity 6824K, committed 7040K, reserved 1056768K
  class space    used 772K, capacity 820K, committed 896K, reserved 1048576K
}
Event: 1.517 GC heap before
{Heap before GC invocations=2 (full 0):
 PSYoungGen      total 56832K, used 56822K [0x0000000780b00000, 0x0000000784a00000, 0x00000007c0000000)
  eden space 49152K, 100% used [0x0000000780b00000,0x0000000783b00000,0x0000000783b00000)
  from space 7680K, 99% used [0x0000000783b00000,0x000000078427d9b8,0x0000000784280000)
  to   space 7680K, 0% used [0x0000000784280000,0x0000000784280000,0x0000000784a00000)
 ParOldGen       total 130048K, used 1585K [0x0000000702000000, 0x0000000709f00000, 0x0000000780b00000)
  object space 130048K, 1% used [0x0000000702000000,0x000000070218c4e8,0x0000000709f00000)
 Metaspace       used 11439K, capacity 11540K, committed 11776K, reserved 1058816K
  class space    used 1466K, capacity 1494K, committed 1536K, reserved 1048576K
Event: 1.531 GC heap after
Heap after GC invocations=2 (full 0):
 PSYoungGen      total 56832K, used 7669K [0x0000000780b00000, 0x0000000787a00000, 0x00000007c0000000)
  eden space 49152K, 0% used [0x0000000780b00000,0x0000000780b00000,0x0000000783b00000)
  from space 7680K, 99% used [0x0000000784280000,0x00000007849fd730,0x0000000784a00000)
  to   space 7680K, 0% used [0x0000000783b00000,0x0000000783b00000,0x0000000784280000)
 ParOldGen       total 130048K, used 9905K [0x0000000702000000, 0x0000000709f00000, 0x0000000780b00000)
  object space 130048K, 7% used [0x0000000702000000,0x00000007029ac498,0x0000000709f00000)
 Metaspace       used 11439K, capacity 11540K, committed 11776K, reserved 1058816K
  class space    used 1466K, capacity 1494K, committed 1536K, reserved 1048576K
}
Event: 2.645 GC heap before
{Heap before GC invocations=3 (full 0):
 PSYoungGen      total 56832K, used 56821K [0x0000000780b00000, 0x0000000787a00000, 0x00000007c0000000)
  eden space 49152K, 100% used [0x0000000780b00000,0x0000000783b00000,0x0000000783b00000)
  from space 7680K, 99% used [0x0000000784280000,0x00000007849fd730,0x0000000784a00000)
  to   space 7680K, 0% used [0x0000000783b00000,0x0000000783b00000,0x0000000784280000)
 ParOldGen       total 130048K, used 9905K [0x0000000702000000, 0x0000000709f00000, 0x0000000780b00000)
  object space 130048K, 7% used [0x0000000702000000,0x00000007029ac498,0x0000000709f00000)
 Metaspace       used 18122K, capacity 18340K, committed 18688K, reserved 1064960K
  class space    used 2382K, capacity 2472K, committed 2560K, reserved 1048576K
Event: 2.668 GC heap after
Heap after GC invocations=3 (full 0):
 PSYoungGen      total 56832K, used 7666K [0x0000000780b00000, 0x0000000787a00000, 0x00000007c0000000)
  eden space 49152K, 0% used [0x0000000780b00000,0x0000000780b00000,0x0000000783b00000)
  from space 7680K, 99% used [0x0000000783b00000,0x000000078427cac0,0x0000000784280000)
  to   space 7680K, 0% used [0x0000000787280000,0x0000000787280000,0x0000000787a00000)
 ParOldGen       total 130048K, used 19706K [0x0000000702000000, 0x0000000709f00000, 0x0000000780b00000)
  object space 130048K, 15% used [0x0000000702000000,0x000000070333ea80,0x0000000709f00000)
 Metaspace       used 18122K, capacity 18340K, committed 18688K, reserved 1064960K
  class space    used 2382K, capacity 2472K, committed 2560K, reserved 1048576K
}

Deoptimization events (10 events):
Event: 2.765 Thread 0x0000000002234800 Uncommon trap: reason=class_check action=maybe_recompile pc=0x0000000002a4b184 method=org.eclipse.xtext.nodemodel.impl.NodeModelBuilder.addChild(Lorg/eclipse/xtext/nodemodel/ICompositeNode;Lorg/eclipse/xtext/nodemodel/impl/AbstractNode;)V @ 6
Event: 2.770 Thread 0x0000000002234800 Uncommon trap: reason=unstable_if action=reinterpret pc=0x00000000029b1a90 method=org.antlr.runtime.ANTLRStringStream.mark()I @ 4
Event: 2.984 Thread 0x0000000002234800 Uncommon trap: reason=array_check action=maybe_recompile pc=0x0000000002b8409c method=org.eclipse.emf.common.util.BasicEList.assign(ILjava/lang/Object;)Ljava/lang/Object; @ 6
Event: 3.010 Thread 0x0000000002234800 Uncommon trap: reason=unstable_if action=reinterpret pc=0x0000000002856d5c method=java.util.concurrent.ConcurrentHashMap.putVal(Ljava/lang/Object;Ljava/lang/Object;Z)Ljava/lang/Object; @ 181
Event: 3.115 Thread 0x0000000002234800 Uncommon trap: reason=array_check action=maybe_recompile pc=0x0000000002b8409c method=org.eclipse.emf.common.util.BasicEList.assign(ILjava/lang/Object;)Ljava/lang/Object; @ 6
Event: 3.120 Thread 0x0000000002234800 Uncommon trap: reason=array_check action=maybe_recompile pc=0x0000000002b8409c method=org.eclipse.emf.common.util.BasicEList.assign(ILjava/lang/Object;)Ljava/lang/Object; @ 6
Event: 3.121 Thread 0x0000000002234800 Uncommon trap: reason=array_check action=maybe_recompile pc=0x0000000002b8409c method=org.eclipse.emf.common.util.BasicEList.assign(ILjava/lang/Object;)Ljava/lang/Object; @ 6
Event: 3.125 Thread 0x0000000002234800 Uncommon trap: reason=unstable_if action=reinterpret pc=0x0000000002bfa770 method=org.eclipse.emf.common.notify.impl.BasicNotifierImpl$EAdapterList.getAdapterForType(Ljava/lang/Object;)Lorg/eclipse/emf/common/notify/Adapter; @ 50
Event: 3.132 Thread 0x0000000002234800 Uncommon trap: reason=unstable_if action=reinterpret pc=0x0000000002bf24f0 method=org.eclipse.emf.common.notify.impl.BasicNotifierImpl$EAdapterList.getAdapterForType(Ljava/lang/Object;)Lorg/eclipse/emf/common/notify/Adapter; @ 50
Event: 3.331 Thread 0x0000000002234800 Uncommon trap: reason=unstable_if action=reinterpret pc=0x000000000270d6ec method=java.io.WinNTFileSystem.normalize(Ljava/lang/String;)Ljava/lang/String; @ 49

Internal exceptions (10 events):
Event: 3.174 Thread 0x0000000002234800 Exception <a 'java/lang/reflect/InvocationTargetException'> (0x000000078211f7f0) thrown at [C:\re\workspace\8-2-build-windows-amd64-cygwin\jdk8u51\3951\hotspot\src\share\vm\runtime\reflection.cpp, line 1080]
Event: 3.176 Thread 0x0000000002234800 Exception <a 'java/lang/reflect/InvocationTargetException'> (0x0000000782135cf8) thrown at [C:\re\workspace\8-2-build-windows-amd64-cygwin\jdk8u51\3951\hotspot\src\share\vm\runtime\reflection.cpp, line 1080]
Event: 3.185 Thread 0x0000000002234800 Exception <a 'java/lang/reflect/InvocationTargetException'> (0x00000007821b2118) thrown at [C:\re\workspace\8-2-build-windows-amd64-cygwin\jdk8u51\3951\hotspot\src\share\vm\runtime\reflection.cpp, line 1080]
Event: 3.187 Thread 0x0000000002234800 Exception <a 'java/lang/reflect/InvocationTargetException'> (0x00000007821d0a98) thrown at [C:\re\workspace\8-2-build-windows-amd64-cygwin\jdk8u51\3951\hotspot\src\share\vm\runtime\reflection.cpp, line 1080]
Event: 3.689 Thread 0x0000000002234800 Exception <a 'java/security/PrivilegedActionException'> (0x0000000782cda338) thrown at [C:\re\workspace\8-2-build-windows-amd64-cygwin\jdk8u51\3951\hotspot\src\share\vm\prims\jvm.cpp, line 1382]
Event: 3.689 Thread 0x0000000002234800 Exception <a 'java/security/PrivilegedActionException'> (0x0000000782cdb658) thrown at [C:\re\workspace\8-2-build-windows-amd64-cygwin\jdk8u51\3951\hotspot\src\share\vm\prims\jvm.cpp, line 1382]
Event: 3.689 Thread 0x0000000002234800 Exception <a 'java/security/PrivilegedActionException'> (0x0000000782cdc878) thrown at [C:\re\workspace\8-2-build-windows-amd64-cygwin\jdk8u51\3951\hotspot\src\share\vm\prims\jvm.cpp, line 1382]
Event: 3.689 Thread 0x0000000002234800 Exception <a 'java/security/PrivilegedActionException'> (0x0000000782cddd28) thrown at [C:\re\workspace\8-2-build-windows-amd64-cygwin\jdk8u51\3951\hotspot\src\share\vm\prims\jvm.cpp, line 1382]
Event: 3.689 Thread 0x0000000002234800 Exception <a 'java/security/PrivilegedActionException'> (0x0000000782cdef10) thrown at [C:\re\workspace\8-2-build-windows-amd64-cygwin\jdk8u51\3951\hotspot\src\share\vm\prims\jvm.cpp, line 1382]
Event: 3.689 Thread 0x0000000002234800 Exception <a 'java/security/PrivilegedActionException'> (0x0000000782ce00c8) thrown at [C:\re\workspace\8-2-build-windows-amd64-cygwin\jdk8u51\3951\hotspot\src\share\vm\prims\jvm.cpp, line 1382]

Events (10 events):
Event: 3.716 loading class org/lwjgl/openal/ALCdevice
Event: 3.716 loading class org/lwjgl/openal/ALCdevice done
Event: 3.717 loading class org/lwjgl/openal/ALCcontext
Event: 3.717 loading class org/lwjgl/openal/ALCcontext done
Event: 3.717 loading class java/nio/DirectIntBufferU
Event: 3.718 loading class java/nio/DirectIntBufferU done
Event: 3.718 loading class org/lwjgl/openal/Util
Event: 3.718 loading class org/lwjgl/openal/Util done
Event: 3.718 loading class org/lwjgl/openal/OpenALException
Event: 3.718 loading class org/lwjgl/openal/OpenALException done


Dynamic libraries:
0x00007ff7ff720000 - 0x00007ff7ff757000 	C:\Program Files\Java\jre1.8.0_51\bin\javaw.exe
0x00007ffbdfb70000 - 0x00007ffbdfd65000 	C:\Windows\SYSTEM32\ntdll.dll
0x00007ffbdeb30000 - 0x00007ffbdebee000 	C:\Windows\System32\KERNEL32.DLL
0x00007ffbdd740000 - 0x00007ffbdda09000 	C:\Windows\System32\KERNELBASE.dll
0x00007ffbded00000 - 0x00007ffbdedac000 	C:\Windows\System32\ADVAPI32.dll
0x00007ffbde2d0000 - 0x00007ffbde36e000 	C:\Windows\System32\msvcrt.dll
0x00007ffbdedb0000 - 0x00007ffbdee4b000 	C:\Windows\System32\sechost.dll
0x00007ffbde1a0000 - 0x00007ffbde2ca000 	C:\Windows\System32\RPCRT4.dll
0x00007ffbdf550000 - 0x00007ffbdf6f1000 	C:\Windows\System32\USER32.dll
0x00007ffbdd290000 - 0x00007ffbdd2b2000 	C:\Windows\System32\win32u.dll
0x00007ffbdf470000 - 0x00007ffbdf49b000 	C:\Windows\System32\GDI32.dll
0x00007ffbdd590000 - 0x00007ffbdd69b000 	C:\Windows\System32\gdi32full.dll
0x00007ffbdd6a0000 - 0x00007ffbdd73d000 	C:\Windows\System32\msvcp_win.dll
0x00007ffbdda10000 - 0x00007ffbddb10000 	C:\Windows\System32\ucrtbase.dll
0x00007ffbc10a0000 - 0x00007ffbc133a000 	C:\Windows\WinSxS\amd64_microsoft.windows.common-controls_6595b64144ccf1df_6.0.19041.1110_none_60b5254171f9507e\COMCTL32.dll
0x00007ffbdec00000 - 0x00007ffbdec30000 	C:\Windows\System32\IMM32.DLL
0x00000000671d0000 - 0x00000000672a2000 	C:\Program Files\Java\jre1.8.0_51\bin\msvcr100.dll
0x0000000067920000 - 0x00000000681a3000 	C:\Program Files\Java\jre1.8.0_51\bin\server\jvm.dll
0x00007ffbddbc0000 - 0x00007ffbddbc8000 	C:\Windows\System32\PSAPI.DLL
0x00007ffbc47e0000 - 0x00007ffbc47e9000 	C:\Windows\SYSTEM32\WSOCK32.dll
0x00007ffbc7540000 - 0x00007ffbc7567000 	C:\Windows\SYSTEM32\WINMM.dll
0x00007ffbdec30000 - 0x00007ffbdec9b000 	C:\Windows\System32\WS2_32.dll
0x00007ffbd7100000 - 0x00007ffbd710a000 	C:\Windows\SYSTEM32\VERSION.dll
0x0000000068490000 - 0x000000006849f000 	C:\Program Files\Java\jre1.8.0_51\bin\verify.dll
0x0000000068460000 - 0x0000000068489000 	C:\Program Files\Java\jre1.8.0_51\bin\java.dll
0x0000000068440000 - 0x0000000068456000 	C:\Program Files\Java\jre1.8.0_51\bin\zip.dll
0x00007ffbde370000 - 0x00007ffbdeaaf000 	C:\Windows\System32\SHELL32.dll
0x00007ffbdb390000 - 0x00007ffbdbb20000 	C:\Windows\SYSTEM32\windows.storage.dll
0x00007ffbddc80000 - 0x00007ffbddfd5000 	C:\Windows\System32\combase.dll
0x00007ffbdcc10000 - 0x00007ffbdcc3c000 	C:\Windows\SYSTEM32\Wldp.dll
0x00007ffbddbd0000 - 0x00007ffbddc7d000 	C:\Windows\System32\SHCORE.dll
0x00007ffbdeca0000 - 0x00007ffbdecf5000 	C:\Windows\System32\shlwapi.dll
0x00007ffbdd1d0000 - 0x00007ffbdd1ef000 	C:\Windows\SYSTEM32\profapi.dll
0x0000000065580000 - 0x0000000065616000 	C:\Users\Kiara\AppData\Local\Temp\libgdxKiara\12dfaa03\gdx64.dll
0x00007ffbdcb70000 - 0x00007ffbdcb88000 	C:\Windows\SYSTEM32\CRYPTSP.dll
0x00007ffbdc2f0000 - 0x00007ffbdc324000 	C:\Windows\system32\rsaenh.dll
0x00007ffbdd350000 - 0x00007ffbdd377000 	C:\Windows\System32\bcrypt.dll
0x00007ffbdd190000 - 0x00007ffbdd1be000 	C:\Windows\SYSTEM32\USERENV.dll
0x00007ffbdd2c0000 - 0x00007ffbdd343000 	C:\Windows\System32\bcryptprimitives.dll
0x00007ffbdcb60000 - 0x00007ffbdcb6c000 	C:\Windows\SYSTEM32\CRYPTBASE.dll
0x0000000067820000 - 0x000000006783a000 	C:\Program Files\Java\jre1.8.0_51\bin\net.dll
0x00007ffbdc970000 - 0x00007ffbdc9da000 	C:\Windows\system32\mswsock.dll
0x00007ffbdc660000 - 0x00007ffbdc69b000 	C:\Windows\SYSTEM32\IPHLPAPI.DLL
0x00007ffbdebf0000 - 0x00007ffbdebf8000 	C:\Windows\System32\NSI.dll
0x00007ffbd4b10000 - 0x00007ffbd4b27000 	C:\Windows\SYSTEM32\dhcpcsvc6.DLL
0x00007ffbd6a30000 - 0x00007ffbd6a4d000 	C:\Windows\SYSTEM32\dhcpcsvc.DLL
0x00007ffbdc6a0000 - 0x00007ffbdc76c000 	C:\Windows\SYSTEM32\DNSAPI.dll
0x0000000067800000 - 0x0000000067811000 	C:\Program Files\Java\jre1.8.0_51\bin\nio.dll
0x0000000180000000 - 0x0000000180053000 	C:\Users\Kiara\AppData\Local\Temp\libgdxKiara\dc0f0009\lwjgl64.dll
0x00007ffbc5910000 - 0x00007ffbc5a35000 	C:\Windows\SYSTEM32\OPENGL32.dll
0x00007ffbcb540000 - 0x00007ffbcb56c000 	C:\Windows\SYSTEM32\GLU32.dll
0x000000001e850000 - 0x000000001e8b4000 	C:\Users\Kiara\AppData\Local\Temp\libgdxKiara\dc0f0009\OpenAL64.dll
0x00007ffbdf340000 - 0x00007ffbdf46a000 	C:\Windows\System32\ole32.dll
0x00007ffbdb190000 - 0x00007ffbdb1a2000 	C:\Windows\SYSTEM32\kernel.appcore.dll
0x00007ffbdacb0000 - 0x00007ffbdad4e000 	C:\Windows\system32\uxtheme.dll
0x00007ffbdf4a0000 - 0x00007ffbdf549000 	C:\Windows\System32\clbcatq.dll
0x00007ffbb2220000 - 0x00007ffbb22bc000 	C:\Windows\SYSTEM32\dsound.dll
0x00007ffbdd100000 - 0x00007ffbdd14b000 	C:\Windows\SYSTEM32\powrprof.dll
0x00007ffbc0500000 - 0x00007ffbc0526000 	C:\Windows\SYSTEM32\winmmbase.dll
0x00007ffbdd0e0000 - 0x00007ffbdd0f2000 	C:\Windows\SYSTEM32\UMPDC.dll
0x00007ffbd5b10000 - 0x00007ffbd5b95000 	C:\Windows\System32\MMDevApi.dll
0x00007ffbdcf60000 - 0x00007ffbdcf94000 	C:\Windows\System32\DEVOBJ.dll
0x00007ffbddb70000 - 0x00007ffbddbbe000 	C:\Windows\System32\cfgmgr32.dll
0x00007ffbd5860000 - 0x00007ffbd59e1000 	C:\Windows\SYSTEM32\AUDIOSES.DLL
0x00007ffbde0d0000 - 0x00007ffbde19d000 	C:\Windows\System32\OLEAUT32.dll
0x00007ffbc4a90000 - 0x00007ffbc4c74000 	C:\Windows\SYSTEM32\dbghelp.dll

VM Arguments:
jvm_args: -Duser.language=es_AR -Dfile.encoding=UTF-8 
java_command: org.uqbar.project.wollok.launch.WollokLauncher -requestsPort 0 -eventsPort 0 -folder -dontValidate -wf src/juego.wpgm
java_class_path (initial): C:\Users\Kiara\Desktop\3er Anio\Paradigmas\tp INTEGRADOR\git\2021-o-tpi-juego-la_logia_lautaro\bin;C:\Users\Kiara\Downloads\Wollok\plugins\com.ibm.icu_64.2.0.v20190507-1337.jar;C:\Users\Kiara\Downloads\Wollok\plugins\org.eclipse.xtext_2.20.0.v20191202-0915.jar;C:\Users\Kiara\Downloads\Wollok\plugins\org.eclipse.emf.ecore.xmi_2.16.0.v20190528-0725.jar;C:\Users\Kiara\Downloads\Wollok\plugins\org.eclipse.emf.ecore_2.20.0.v20190920-0401.jar;C:\Users\Kiara\Downloads\Wollok\plugins\org.eclipse.emf.common_2.17.0.v20190920-0401.jar;C:\Users\Kiara\Downloads\Wollok\plugins\org.antlr.runtime_3.2.0.v201101311130.jar;C:\Users\Kiara\Downloads\Wollok\plugins\com.google.inject_3.0.0.v201605172100.jar;C:\Users\Kiara\Downloads\Wollok\plugins\org.eclipse.emf.mwe.core_1.5.1.v20191121-1148.jar;C:\Users\Kiara\Downloads\Wollok\plugins\org.apache.commons.cli_1.2.0.v201404270220.jar;C:\Users\Kiara\Downloads\Wollok\plugins\org.eclipse.emf.mwe2.runtime_2.11.1.v20191121-1148.jar;C:\Users\Kiara\Downloads\Wollok\plugins\org.eclipse.emf.mwe.utils_1.5.1.v20191121-1148.jar;C:\Users\Kiara\Downloads\Wollok\plugins\org.eclipse.xtext.util_2.20.0.v20191202-0915.jar;C:\Users\Kiara\Downloads\Wollok\plugins\com.google.guava_27.1.0.v20190517-1946.jar;C:\Users\Kiara\Downloads\Wollok\plugins\javax.inject_1.0.0.v20091030.jar;C:\Users\Kiara\Downloads\Wollok\plugins\org.eclipse.xtext.generator_2.20.0.v20191202-0933.jar;C:\Users\Kiara\Downloads\Wollok\plugins\org.eclipse.xtext.xtext.generator_2.20.0.v20191202-0915.jar;C:\Users\Kiara\Downloads\Wollok\plugins\org.eclipse.xtext.xbase.lib_2.20.0.v20191202-0907.jar;C:\Users\Kiara\Downloads\Wollok\plugins\org.eclipse.emf.codegen.ecore_2.20.0.v20191012-0918.jar;C:\Users\Kiara\Downloads\Wollok\plugins\org.eclipse.emf.codegen_2.19.0.v20190821-1536.jar;C:\Users\Kiara\Downloads\Wollok\plugins\org.eclipse.xtend_2.2.0.v201605260315.jar;C:\Users\Kiara\Downloads\Wollok\plugins\org.eclipse.xpand_2.2.0.v201605260315.jar;C:\Users\Kiara\Downloads\Wollok
Launcher Type: SUN_STANDARD

Environment Variables:
PATH=C:/Program Files/Java/jre1.8.0_51/bin/server;C:/Program Files/Java/jre1.8.0_51/bin;C:/Program Files/Java/jre1.8.0_51/lib/amd64;C:\Program Files\Python38\Scripts\;C:\Program Files\Python38\;C:\ProgramData\Oracle\Java\javapath;C:\Program Files (x86)\Common Files\Intel\Shared Libraries\redist\intel64\compiler;C:\Windows\system32;C:\Windows;C:\Windows\System32\Wbem;C:\Windows\System32\WindowsPowerShell\v1.0\;C:\Windows\System32\OpenSSH\;C:\MinGW\bin;C:\Program Files\Git\cmd;C:\Program Files\swipl\bin;C:\Users\Kiara\AppData\Roaming\local\bin;C:\Users\Kiara\AppData\Local\Microsoft\WindowsApps;C:\Users\Kiara\AppData\Local\Programs\Microsoft VS Code\bin;C:\MinGW\bin;;C:\Users\Kiara\Downloads\Wollok;
USERNAME=Kiara
OS=Windows_NT
PROCESSOR_IDENTIFIER=Intel64 Family 6 Model 142 Stepping 9, GenuineIntel



---------------  S Y S T E M  ---------------

OS: Windows 10.0 , 64 bit Build 19041 (10.0.19041.1202)

CPU:total 4 (2 cores per cpu, 2 threads per core) family 6 model 142 stepping 9, cmov, cx8, fxsr, mmx, sse, sse2, sse3, ssse3, sse4.1, sse4.2, popcnt, avx, avx2, aes, clmul, erms, 3dnowpref, lzcnt, ht, tsc, tscinvbit, bmi1, bmi2, adx

Memory: 4k page, physical 12447972k(4888140k free), swap 14348516k(5005616k free)

vm_info: Java HotSpot(TM) 64-Bit Server VM (25.51-b03) for windows-amd64 JRE (1.8.0_51-b16), built on Jun  8 2015 18:03:07 by "java_re" with MS VC++ 10.0 (VS2010)

time: Thu Nov 04 03:48:20 2021
elapsed time: 3 seconds (0d 0h 0m 3s)

